# JRE version: OpenJDK Runtime Environment (11.0.13) (build 11.0.13+0-b1751.21-8125866)
# Java VM: OpenJDK 64-Bit Server VM (11.0.13+0-b1751.21-8125866, mixed mode, tiered, compressed oops, g1 gc, windows-amd64)
Heap:
 garbage-first heap   total 262144K, used 199575K [0x0000000080000000, 0x0000000100000000)
  region size 1024K, 7 young (7168K), 3 survivors (3072K)
 Metaspace       used 124402K, capacity 127505K, committed 127576K, reserved 1161216K
  class space    used 15615K, capacity 16728K, committed 16768K, reserved 1048576K
GC Heap History (20 events):
Event: 15.019 GC heap before
{Heap before GC invocations=21 (full 0):
 garbage-first heap   total 262144K, used 219703K [0x0000000080000000, 0x0000000100000000)
  region size 1024K, 76 young (77824K), 10 survivors (10240K)
 Metaspace       used 109055K, capacity 111649K, committed 111960K, reserved 1146880K
  class space    used 13951K, capacity 14914K, committed 14976K, reserved 1048576K
}
Event: 15.027 GC heap after
{Heap after GC invocations=22 (full 0):
 garbage-first heap   total 262144K, used 157388K [0x0000000080000000, 0x0000000100000000)
  region size 1024K, 5 young (5120K), 5 survivors (5120K)
 Metaspace       used 109055K, capacity 111649K, committed 111960K, reserved 1146880K
  class space    used 13951K, capacity 14914K, committed 14976K, reserved 1048576K
}
Event: 15.833 GC heap before
{Heap before GC invocations=22 (full 0):
 garbage-first heap   total 262144K, used 221900K [0x0000000080000000, 0x0000000100000000)
  region size 1024K, 68 young (69632K), 5 survivors (5120K)
 Metaspace       used 112651K, capacity 115362K, committed 115544K, reserved 1148928K
  class space    used 14387K, capacity 15417K, committed 15488K, reserved 1048576K
}
Event: 15.839 GC heap after
{Heap after GC invocations=23 (full 0):
 garbage-first heap   total 262144K, used 158952K [0x0000000080000000, 0x0000000100000000)
  region size 1024K, 7 young (7168K), 7 survivors (7168K)
 Metaspace       used 112651K, capacity 115362K, committed 115544K, reserved 1148928K
  class space    used 14387K, capacity 15417K, committed 15488K, reserved 1048576K
}
Event: 16.388 GC heap before
{Heap before GC invocations=24 (full 0):
 garbage-first heap   total 262144K, used 223464K [0x0000000080000000, 0x0000000100000000)
  region size 1024K, 70 young (71680K), 7 survivors (7168K)
 Metaspace       used 116562K, capacity 119313K, committed 119512K, reserved 1153024K
  class space    used 14845K, capacity 15851K, committed 15872K, reserved 1048576K
}
Event: 16.394 GC heap after
{Heap after GC invocations=25 (full 0):
 garbage-first heap   total 262144K, used 162672K [0x0000000080000000, 0x0000000100000000)
  region size 1024K, 7 young (7168K), 7 survivors (7168K)
 Metaspace       used 116562K, capacity 119313K, committed 119512K, reserved 1153024K
  class space    used 14845K, capacity 15851K, committed 15872K, reserved 1048576K
}
Event: 1812.176 GC heap before
{Heap before GC invocations=25 (full 0):
 garbage-first heap   total 262144K, used 222064K [0x0000000080000000, 0x0000000100000000)
  region size 1024K, 66 young (67584K), 7 survivors (7168K)
 Metaspace       used 118009K, capacity 120936K, committed 121048K, reserved 1155072K
  class space    used 14988K, capacity 16035K, committed 16128K, reserved 1048576K
}
Event: 1812.197 GC heap after
{Heap after GC invocations=26 (full 0):
 garbage-first heap   total 262144K, used 164163K [0x0000000080000000, 0x0000000100000000)
  region size 1024K, 6 young (6144K), 6 survivors (6144K)
 Metaspace       used 118009K, capacity 120936K, committed 121048K, reserved 1155072K
  class space    used 14988K, capacity 16035K, committed 16128K, reserved 1048576K
}
Event: 1813.916 GC heap before
{Heap before GC invocations=27 (full 0):
 garbage-first heap   total 262144K, used 224579K [0x0000000080000000, 0x0000000100000000)
  region size 1024K, 66 young (67584K), 6 survivors (6144K)
 Metaspace       used 120674K, capacity 123741K, committed 123864K, reserved 1157120K
  class space    used 15229K, capacity 16332K, committed 16384K, reserved 1048576K
}
Event: 1813.928 GC heap after
{Heap after GC invocations=28 (full 0):
 garbage-first heap   total 262144K, used 171023K [0x0000000080000000, 0x0000000100000000)
  region size 1024K, 9 young (9216K), 9 survivors (9216K)
 Metaspace       used 120674K, capacity 123741K, committed 123864K, reserved 1157120K
  class space    used 15229K, capacity 16332K, committed 16384K, reserved 1048576K
}
Event: 1815.358 GC heap before
{Heap before GC invocations=28 (full 0):
 garbage-first heap   total 262144K, used 222223K [0x0000000080000000, 0x0000000100000000)
  region size 1024K, 60 young (61440K), 9 survivors (9216K)
 Metaspace       used 123671K, capacity 126828K, committed 127064K, reserved 1159168K
  class space    used 15582K, capacity 16695K, committed 16768K, reserved 1048576K
}
Event: 1815.367 GC heap after
{Heap after GC invocations=29 (full 0):
 garbage-first heap   total 262144K, used 173632K [0x0000000080000000, 0x0000000100000000)
  region size 1024K, 3 young (3072K), 3 survivors (3072K)
 Metaspace       used 123671K, capacity 126828K, committed 127064K, reserved 1159168K
  class space    used 15582K, capacity 16695K, committed 16768K, reserved 1048576K
}
Event: 1816.204 GC heap before
{Heap before GC invocations=30 (full 0):
 garbage-first heap   total 262144K, used 226880K [0x0000000080000000, 0x0000000100000000)
  region size 1024K, 53 young (54272K), 3 survivors (3072K)
 Metaspace       used 123935K, capacity 127020K, committed 127320K, reserved 1159168K
  class space    used 15582K, capacity 16695K, committed 16768K, reserved 1048576K
}
Event: 1816.224 GC heap after
{Heap after GC invocations=31 (full 0):
 garbage-first heap   total 262144K, used 191704K [0x0000000080000000, 0x0000000100000000)
  region size 1024K, 7 young (7168K), 7 survivors (7168K)
 Metaspace       used 123935K, capacity 127020K, committed 127320K, reserved 1159168K
  class space    used 15582K, capacity 16695K, committed 16768K, reserved 1048576K
}
Event: 1816.313 GC heap before
{Heap before GC invocations=31 (full 0):
 garbage-first heap   total 262144K, used 195800K [0x0000000080000000, 0x0000000100000000)
  region size 1024K, 12 young (12288K), 7 survivors (7168K)
 Metaspace       used 123935K, capacity 127084K, committed 127320K, reserved 1159168K
  class space    used 15582K, capacity 16695K, committed 16768K, reserved 1048576K
}
Event: 1816.324 GC heap after
{Heap after GC invocations=32 (full 0):
 garbage-first heap   total 262144K, used 192883K [0x0000000080000000, 0x0000000100000000)
  region size 1024K, 2 young (2048K), 2 survivors (2048K)
 Metaspace       used 123935K, capacity 127084K, committed 127320K, reserved 1159168K
  class space    used 15582K, capacity 16695K, committed 16768K, reserved 1048576K
}
Event: 1816.574 GC heap before
{Heap before GC invocations=32 (full 0):
 garbage-first heap   total 262144K, used 203123K [0x0000000080000000, 0x0000000100000000)
  region size 1024K, 14 young (14336K), 2 survivors (2048K)
 Metaspace       used 124258K, capacity 127372K, committed 127576K, reserved 1161216K
  class space    used 15607K, capacity 16727K, committed 16768K, reserved 1048576K
}
Event: 1816.579 GC heap after
{Heap after GC invocations=33 (full 0):
 garbage-first heap   total 262144K, used 194088K [0x0000000080000000, 0x0000000100000000)
  region size 1024K, 4 young (4096K), 4 survivors (4096K)
 Metaspace       used 124258K, capacity 127372K, committed 127576K, reserved 1161216K
  class space    used 15607K, capacity 16727K, committed 16768K, reserved 1048576K
}
Event: 1818.041 GC heap before
{Heap before GC invocations=34 (full 0):
 garbage-first heap   total 262144K, used 222760K [0x0000000080000000, 0x0000000100000000)
  region size 1024K, 24 young (24576K), 4 survivors (4096K)
 Metaspace       used 124392K, capacity 127504K, committed 127576K, reserved 1161216K
  class space    used 15615K, capacity 16728K, committed 16768K, reserved 1048576K
}
Event: 1818.049 GC heap after
{Heap after GC invocations=35 (full 0):
 garbage-first heap   total 262144K, used 196503K [0x0000000080000000, 0x0000000100000000)
  region size 1024K, 3 young (3072K), 3 survivors (3072K)
 Metaspace       used 124392K, capacity 127504K, committed 127576K, reserved 1161216K
  class space    used 15615K, capacity 16728K, committed 16768K, reserved 1048576K
}

